<?xml version="1.0" encoding="UTF-8"?>
<!-- Generated by org.testng.reporters.JUnitReportReporter -->
<testsuite skipped="0" hostname="DESKTOP-UVENGDO" name="InputDot.InputDot.TestAnalyseNegative" tests="37" failures="0" timestamp="04 дек 2017 08:09:30 GMT" time="0.036" errors="0">
  <testcase name="negativeTest" time="0.000" classname="InputDot.InputDot.TestAnalyseNegative"/>
  <testcase name="negativeTest" time="0.000" classname="InputDot.InputDot.TestAnalyseNegative"/>
  <testcase name="negativeTest" time="0.000" classname="InputDot.InputDot.TestAnalyseNegative"/>
  <testcase name="negativeTest" time="0.000" classname="InputDot.InputDot.TestAnalyseNegative"/>
  <testcase name="negativeTest" time="0.000" classname="InputDot.InputDot.TestAnalyseNegative"/>
  <testcase name="negativeTest" time="0.000" classname="InputDot.InputDot.TestAnalyseNegative"/>
  <testcase name="negativeTest" time="0.000" classname="InputDot.InputDot.TestAnalyseNegative"/>
  <testcase name="negativeTest" time="0.000" classname="InputDot.InputDot.TestAnalyseNegative"/>
  <testcase name="negativeTest" time="0.000" classname="InputDot.InputDot.TestAnalyseNegative"/>
  <testcase name="negativeTest" time="0.000" classname="InputDot.InputDot.TestAnalyseNegative"/>
  <testcase name="negativeTest" time="0.000" classname="InputDot.InputDot.TestAnalyseNegative"/>
  <testcase name="negativeTest" time="0.000" classname="InputDot.InputDot.TestAnalyseNegative"/>
  <testcase name="negativeTest" time="0.000" classname="InputDot.InputDot.TestAnalyseNegative"/>
  <testcase name="negativeTest" time="0.000" classname="InputDot.InputDot.TestAnalyseNegative"/>
  <testcase name="negativeTest" time="0.000" classname="InputDot.InputDot.TestAnalyseNegative"/>
  <testcase name="negativeTest" time="0.000" classname="InputDot.InputDot.TestAnalyseNegative"/>
  <testcase name="negativeTest" time="0.000" classname="InputDot.InputDot.TestAnalyseNegative"/>
  <testcase name="negativeTest" time="0.000" classname="InputDot.InputDot.TestAnalyseNegative"/>
  <testcase name="negativeTest" time="0.000" classname="InputDot.InputDot.TestAnalyseNegative"/>
  <testcase name="negativeTest" time="0.000" classname="InputDot.InputDot.TestAnalyseNegative"/>
  <testcase name="negativeTest" time="0.002" classname="InputDot.InputDot.TestAnalyseNegative"/>
  <testcase name="negativeTest" time="0.000" classname="InputDot.InputDot.TestAnalyseNegative"/>
  <testcase name="negativeTest" time="0.000" classname="InputDot.InputDot.TestAnalyseNegative"/>
  <testcase name="negativeTest" time="0.000" classname="InputDot.InputDot.TestAnalyseNegative"/>
  <testcase name="negativeTest" time="0.000" classname="InputDot.InputDot.TestAnalyseNegative"/>
  <testcase name="negativeTest" time="0.000" classname="InputDot.InputDot.TestAnalyseNegative"/>
  <testcase name="negativeTest" time="0.000" classname="InputDot.InputDot.TestAnalyseNegative"/>
  <testcase name="negativeTest" time="0.000" classname="InputDot.InputDot.TestAnalyseNegative"/>
  <testcase name="negativeTest" time="0.000" classname="InputDot.InputDot.TestAnalyseNegative"/>
  <testcase name="negativeTest" time="0.016" classname="InputDot.InputDot.TestAnalyseNegative"/>
  <testcase name="negativeTest" time="0.000" classname="InputDot.InputDot.TestAnalyseNegative"/>
  <testcase name="negativeTest" time="0.000" classname="InputDot.InputDot.TestAnalyseNegative"/>
  <testcase name="negativeTest" time="0.000" classname="InputDot.InputDot.TestAnalyseNegative"/>
  <testcase name="negativeTest" time="0.018" classname="InputDot.InputDot.TestAnalyseNegative"/>
  <testcase name="negativeTest" time="0.000" classname="InputDot.InputDot.TestAnalyseNegative"/>
  <testcase name="negativeTest" time="0.000" classname="InputDot.InputDot.TestAnalyseNegative"/>
  <testcase name="embty" time="0.000" classname="InputDot.InputDot.TestAnalyseNegative"/>
</testsuite> <!-- InputDot.InputDot.TestAnalyseNegative -->
