<?xml version="1.0" encoding="UTF-8"?>
<!-- Generated by org.testng.reporters.JUnitReportReporter -->
<testsuite skipped="0" hostname="DESKTOP-UVENGDO" name="InputDot.InputDot.TestAnalyse" tests="5" failures="0" timestamp="04 дек 2017 07:08:07 GMT" time="0.011" errors="0">
  <testcase name="positiveTest" time="0.000" classname="InputDot.InputDot.TestAnalyse"/>
  <testcase name="positiveTest" time="0.009" classname="InputDot.InputDot.TestAnalyse"/>
  <testcase name="positiveTest" time="0.000" classname="InputDot.InputDot.TestAnalyse"/>
  <testcase name="positiveTest" time="0.001" classname="InputDot.InputDot.TestAnalyse"/>
  <testcase name="positiveTest" time="0.001" classname="InputDot.InputDot.TestAnalyse"/>
</testsuite> <!-- InputDot.InputDot.TestAnalyse -->
