<?xml version="1.0" encoding="UTF-8"?>
<!-- Generated by org.testng.reporters.JUnitReportReporter -->
<testsuite skipped="0" hostname="DESKTOP-UVENGDO" name="InputDot.InputDot.AnalysePositive" tests="6" failures="0" timestamp="04 дек 2017 11:09:28 GMT" time="0.016" errors="0">
  <testcase name="positiveTest" time="0.001" classname="InputDot.InputDot.AnalysePositive"/>
  <testcase name="positiveTest" time="0.001" classname="InputDot.InputDot.AnalysePositive"/>
  <testcase name="positiveTest" time="0.001" classname="InputDot.InputDot.AnalysePositive"/>
  <testcase name="positiveTest" time="0.003" classname="InputDot.InputDot.AnalysePositive"/>
  <testcase name="positiveTest" time="0.009" classname="InputDot.InputDot.AnalysePositive"/>
  <testcase name="endTest" time="0.001" classname="InputDot.InputDot.AnalysePositive"/>
</testsuite> <!-- InputDot.InputDot.AnalysePositive -->
