<?xml version="1.0" encoding="UTF-8"?>
<!-- Generated by org.testng.reporters.JUnitReportReporter -->
<testsuite skipped="0" hostname="DESKTOP-UVENGDO" name="InputDot.InputDot.Tests.Positive" tests="6" failures="0" timestamp="05 дек 2017 14:53:06 GMT" time="0.007" errors="0">
  <testcase name="positiveTest" time="0.001" classname="InputDot.InputDot.Tests.Positive"/>
  <testcase name="positiveTest" time="0.002" classname="InputDot.InputDot.Tests.Positive"/>
  <testcase name="positiveTest" time="0.001" classname="InputDot.InputDot.Tests.Positive"/>
  <testcase name="positiveTest" time="0.001" classname="InputDot.InputDot.Tests.Positive"/>
  <testcase name="positiveTest" time="0.000" classname="InputDot.InputDot.Tests.Positive"/>
  <testcase name="endTest" time="0.002" classname="InputDot.InputDot.Tests.Positive"/>
</testsuite> <!-- InputDot.InputDot.Tests.Positive -->
