<?xml version="1.0" encoding="UTF-8"?>
<!-- Generated by org.testng.reporters.JUnitReportReporter -->
<testsuite skipped="0" hostname="DESKTOP-UVENGDO" name="InputDot.InputDot.Tests.Negative" tests="37" failures="0" timestamp="05 дек 2017 14:53:06 GMT" time="0.063" errors="0">
  <testcase name="negativeTest" time="0.000" classname="InputDot.InputDot.Tests.Negative"/>
  <testcase name="negativeTest" time="0.001" classname="InputDot.InputDot.Tests.Negative"/>
  <testcase name="negativeTest" time="0.001" classname="InputDot.InputDot.Tests.Negative"/>
  <testcase name="negativeTest" time="0.000" classname="InputDot.InputDot.Tests.Negative"/>
  <testcase name="negativeTest" time="0.001" classname="InputDot.InputDot.Tests.Negative"/>
  <testcase name="negativeTest" time="0.001" classname="InputDot.InputDot.Tests.Negative"/>
  <testcase name="negativeTest" time="0.001" classname="InputDot.InputDot.Tests.Negative"/>
  <testcase name="negativeTest" time="0.006" classname="InputDot.InputDot.Tests.Negative"/>
  <testcase name="negativeTest" time="0.001" classname="InputDot.InputDot.Tests.Negative"/>
  <testcase name="negativeTest" time="0.002" classname="InputDot.InputDot.Tests.Negative"/>
  <testcase name="negativeTest" time="0.001" classname="InputDot.InputDot.Tests.Negative"/>
  <testcase name="negativeTest" time="0.004" classname="InputDot.InputDot.Tests.Negative"/>
  <testcase name="negativeTest" time="0.008" classname="InputDot.InputDot.Tests.Negative"/>
  <testcase name="negativeTest" time="0.001" classname="InputDot.InputDot.Tests.Negative"/>
  <testcase name="negativeTest" time="0.001" classname="InputDot.InputDot.Tests.Negative"/>
  <testcase name="negativeTest" time="0.009" classname="InputDot.InputDot.Tests.Negative"/>
  <testcase name="negativeTest" time="0.001" classname="InputDot.InputDot.Tests.Negative"/>
  <testcase name="negativeTest" time="0.002" classname="InputDot.InputDot.Tests.Negative"/>
  <testcase name="negativeTest" time="0.001" classname="InputDot.InputDot.Tests.Negative"/>
  <testcase name="negativeTest" time="0.002" classname="InputDot.InputDot.Tests.Negative"/>
  <testcase name="negativeTest" time="0.003" classname="InputDot.InputDot.Tests.Negative"/>
  <testcase name="negativeTest" time="0.004" classname="InputDot.InputDot.Tests.Negative"/>
  <testcase name="negativeTest" time="0.000" classname="InputDot.InputDot.Tests.Negative"/>
  <testcase name="negativeTest" time="0.000" classname="InputDot.InputDot.Tests.Negative"/>
  <testcase name="negativeTest" time="0.001" classname="InputDot.InputDot.Tests.Negative"/>
  <testcase name="negativeTest" time="0.001" classname="InputDot.InputDot.Tests.Negative"/>
  <testcase name="negativeTest" time="0.001" classname="InputDot.InputDot.Tests.Negative"/>
  <testcase name="negativeTest" time="0.000" classname="InputDot.InputDot.Tests.Negative"/>
  <testcase name="negativeTest" time="0.000" classname="InputDot.InputDot.Tests.Negative"/>
  <testcase name="negativeTest" time="0.001" classname="InputDot.InputDot.Tests.Negative"/>
  <testcase name="negativeTest" time="0.000" classname="InputDot.InputDot.Tests.Negative"/>
  <testcase name="negativeTest" time="0.000" classname="InputDot.InputDot.Tests.Negative"/>
  <testcase name="negativeTest" time="0.002" classname="InputDot.InputDot.Tests.Negative"/>
  <testcase name="negativeTest" time="0.001" classname="InputDot.InputDot.Tests.Negative"/>
  <testcase name="negativeTest" time="0.004" classname="InputDot.InputDot.Tests.Negative"/>
  <testcase name="negativeTest" time="0.000" classname="InputDot.InputDot.Tests.Negative"/>
  <testcase name="empbty" time="0.001" classname="InputDot.InputDot.Tests.Negative"/>
</testsuite> <!-- InputDot.InputDot.Tests.Negative -->
